<?xml version="1.0" encoding="UTF-8"?>
<!-- Generated by org.testng.reporters.JUnitReportReporter -->
<testsuite hostname="Abi" failures="0" tests="1" name="com.qa.keyword.test.LoginTest" time="12.157" errors="0" timestamp="29 May 2020 05:58:29 GMT" skipped="0">
  <testcase classname="com.qa.keyword.test.LoginTest" name="logintest" time="12.157"/>
</testsuite> <!-- com.qa.keyword.test.LoginTest -->
